
+----------------------------------------------------------------------------+
|          ______                     __      __                             |
|         /_  __/__  ____ ___  ____  / /___ _/ /____  _____                  |
|          / / / _ \/ __ `__ \/ __ \/ / __ `/ __/ _ \/ ___/                  |
|         / / /  __/ / / / / / /_/ / / /_/ / /_/  __/ /                      |
|        /_/  \___/_/ /_/ /_/ .___/_/\__,_/\__/\___/_/                       |
|        by Dataclay       /_/   Version 3.0.0 [ Build 14020 ]               |
|                                                                            |
|                             ----------------                               |
|                                                                            |
|        User + Machine        : Liam @ STITCHER                             |
|        Operating System      : Win 10.0.22000.31                           |
|        After Effects Version : 22.3x107                                    |
|        Project Name          : keepsake_v1.aep                             |
|        QUE API Endpoint      : https://que-api.dataclay.com                |
|                                                                            |
|        Intelligent After Effects automation for versioning video.          |
|        Templater Bot provides an enterprise solution for versioned         |
|        video on demand and command-line interface control.                 |
|                                                                            |
|        |email                      |web                  |twitter          |
|        |support@dataclay.com       |dataclay.com         |@dataclay        |
|                                                                            |
|          Copyright 2013-2022 Dataclay, LLC. All rights reserved.           |
|                                                                            |
+----------------------------------------------------------------------------+



[33m2022-04-23 @ 01:47:05[0m [37;1m[[0m[35;1mLOG[32;0m[37;1m][0m                :	[32mSession started[32m =>
						[36mSaturday at 1:47:5 on 2022-4-23[0m

[33m2022-04-23 @ 01:47:05[0m [37;1m[[0m[35;1mMAIN[32;0m[37;1m][0m               :	[32mThis installation of Templater distributed by Dataclay[32m
[33m2022-04-23 @ 01:47:05[0m [37;1m[[0m[35;1mMAIN[32;0m[37;1m][0m               :	[32mTemplater is searching for manufacturer's licensing framework.[32m
[33m2022-04-23 @ 01:47:05[0m [37;1m[[0m[35;1mMAIN[32;0m[37;1m][0m               :	[32mInitializing Templater GUI[32m =>
						[36m[object Panel][0m

[33m2022-04-23 @ 01:47:07[0m [37;1m[[0m[35;1mPREFS[32;0m[37;1m][0m              :	[32mLoading all XMP data to various ui and preferences[32m
[33m2022-04-23 @ 01:48:07[0m [37;1m[[0m[35;1mGOOGLE API ERROR[32;0m[37;1m][0m   :	[32m401 : Invalid Credentials[32m =>
						[36mNo further details provided by Google Sheets API v4.[0m

[33m2022-04-23 @ 01:48:07[0m [37;1m[[0m[35;1mGOOGLE DOCS[32;0m[37;1m][0m        :	[32mError retrieving list of spreadsheets in google drive account[32m =>
						[36mTypeError: undefined is not an object[0m

[33m2022-04-23 @ 01:48:23[0m [37;1m[[0m[35;1mGOOGLE TOKEN[32;0m[37;1m][0m       :	[32mGetting original access token[32m
[33m2022-04-23 @ 01:48:24[0m [37;1m[[0m[35;1mGOOGLE TOKEN[32;0m[37;1m][0m       :	[32mSucessfully retrieved token data![32m
[33m2022-04-23 @ 01:48:24[0m [37;1m[[0m[35;1mGOOGLE DOCS[32;0m[37;1m][0m        :	[32mRetrieved all spreadsheets on Google Drive account[32m
[33m2022-04-23 @ 01:48:27[0m [37;1m[[0m[35;1mGOOGLE SHEET[32;0m[37;1m][0m       :	[32mRetrieving worksheets for [ SNHU Templater ].  Please wait...[32m =>
						[36mhttps://sheets.googleapis.com/v4/spreadsheets/1TU17QOjZQh977n29CQnLWU8OW9mEIvexgEssSKGsj5c[0m

[33m2022-04-23 @ 02:12:09[0m [37;1m[[0m[35;1mGOOGLE DOCS[32;0m[37;1m][0m        :	[32mRetrieved all spreadsheets on Google Drive account[32m
[33m2022-04-23 @ 02:12:11[0m [37;1m[[0m[35;1mGOOGLE SHEET[32;0m[37;1m][0m       :	[32mRetrieving worksheets for [ SNHU Templater ].  Please wait...[32m =>
						[36mhttps://sheets.googleapis.com/v4/spreadsheets/1TU17QOjZQh977n29CQnLWU8OW9mEIvexgEssSKGsj5c[0m


+----------------------------------------------------------------------------+
|          ______                     __      __                             |
|         /_  __/__  ____ ___  ____  / /___ _/ /____  _____                  |
|          / / / _ \/ __ `__ \/ __ \/ / __ `/ __/ _ \/ ___/                  |
|         / / /  __/ / / / / / /_/ / / /_/ / /_/  __/ /                      |
|        /_/  \___/_/ /_/ /_/ .___/_/\__,_/\__/\___/_/                       |
|        by Dataclay       /_/   Version 2.9.7 [ Build 9465 ]                |
|                                                                            |
|                             ----------------                               |
|                                                                            |
|        User + Machine        : Liam @ STITCHER                             |
|        Operating System      : Win 10.0.22000.31                           |
|        After Effects Version : 22.3x107                                    |
|        Project Name          : commencement slides.aep                     |
|                                                                            |
|        Intelligent After Effects automation for versioning video.          |
|        Templater Bot provides an enterprise solution for versioned         |
|        video on demand and command-line interface control.                 |
|                                                                            |
|        |email                      |web                  |twitter          |
|        |support@dataclay.com       |dataclay.com         |@dataclay        |
|                                                                            |
|          Copyright 2013-2022 Dataclay, LLC. All rights reserved.           |
|                                                                            |
+----------------------------------------------------------------------------+




+----------------------------------------------------------------------------+
|          ______                     __      __                             |
|         /_  __/__  ____ ___  ____  / /___ _/ /____  _____                  |
|          / / / _ \/ __ `__ \/ __ \/ / __ `/ __/ _ \/ ___/                  |
|         / / /  __/ / / / / / /_/ / / /_/ / /_/  __/ /                      |
|        /_/  \___/_/ /_/ /_/ .___/_/\__,_/\__/\___/_/                       |
|        by Dataclay       /_/   Version 3.0.0 [ Build 14020 ]               |
|                                                                            |
|                             ----------------                               |
|                                                                            |
|        User + Machine        : Liam @ STITCHER                             |
|        Operating System      : Win 10.0.22000.31                           |
|        After Effects Version : 22.3x107                                    |
|        Project Name          : commencement slides.aep                     |
|        QUE API Endpoint      : https://que-api.dataclay.com                |
|                                                                            |
|        Intelligent After Effects automation for versioning video.          |
|        Templater Bot provides an enterprise solution for versioned         |
|        video on demand and command-line interface control.                 |
|                                                                            |
|        |email                      |web                  |twitter          |
|        |support@dataclay.com       |dataclay.com         |@dataclay        |
|                                                                            |
|          Copyright 2013-2022 Dataclay, LLC. All rights reserved.           |
|                                                                            |
+----------------------------------------------------------------------------+




+----------------------------------------------------------------------------+
|          ______                     __      __                             |
|         /_  __/__  ____ ___  ____  / /___ _/ /____  _____                  |
|          / / / _ \/ __ `__ \/ __ \/ / __ `/ __/ _ \/ ___/                  |
|         / / /  __/ / / / / / /_/ / / /_/ / /_/  __/ /                      |
|        /_/  \___/_/ /_/ /_/ .___/_/\__,_/\__/\___/_/                       |
|        by Dataclay       /_/   Version 3.0.0 [ Build 14020 ]               |
|                                                                            |
|                             ----------------                               |
|                                                                            |
|        User + Machine        : Liam @ STITCHER                             |
|        Operating System      : Win 10.0.22000.31                           |
|        After Effects Version : 22.3x107                                    |
|        Project Name          : commencement slides.aep                     |
|        QUE API Endpoint      : https://que-api.dataclay.com                |
|                                                                            |
|        Intelligent After Effects automation for versioning video.          |
|        Templater Bot provides an enterprise solution for versioned         |
|        video on demand and command-line interface control.                 |
|                                                                            |
|        |email                      |web                  |twitter          |
|        |support@dataclay.com       |dataclay.com         |@dataclay        |
|                                                                            |
|          Copyright 2013-2022 Dataclay, LLC. All rights reserved.           |
|                                                                            |
+----------------------------------------------------------------------------+




+----------------------------------------------------------------------------+
|          ______                     __      __                             |
|         /_  __/__  ____ ___  ____  / /___ _/ /____  _____                  |
|          / / / _ \/ __ `__ \/ __ \/ / __ `/ __/ _ \/ ___/                  |
|         / / /  __/ / / / / / /_/ / / /_/ / /_/  __/ /                      |
|        /_/  \___/_/ /_/ /_/ .___/_/\__,_/\__/\___/_/                       |
|        by Dataclay       /_/   Version 3.0.0 [ Build 14020 ]               |
|                                                                            |
|                             ----------------                               |
|                                                                            |
|        User + Machine        : Liam @ STITCHER                             |
|        Operating System      : Win 10.0.22000.31                           |
|        After Effects Version : 22.3x107                                    |
|        Project Name          : commencement slides.aep                     |
|        QUE API Endpoint      : https://que-api.dataclay.com                |
|                                                                            |
|        Intelligent After Effects automation for versioning video.          |
|        Templater Bot provides an enterprise solution for versioned         |
|        video on demand and command-line interface control.                 |
|                                                                            |
|        |email                      |web                  |twitter          |
|        |support@dataclay.com       |dataclay.com         |@dataclay        |
|                                                                            |
|          Copyright 2013-2022 Dataclay, LLC. All rights reserved.           |
|                                                                            |
+----------------------------------------------------------------------------+



[33m2022-04-25 @ 17:01:57[0m [37;1m[[0m[35;1mACTIVATION[32;0m[37;1m][0m         :	[32mActivating Templater using product key[32m =>
						[36mQHA3-9D8I-782N-MZMI-PW5N-RB2W-UITA[0m


+----------------------------------------------------------------------------+
|          ______                     __      __                             |
|         /_  __/__  ____ ___  ____  / /___ _/ /____  _____                  |
|          / / / _ \/ __ `__ \/ __ \/ / __ `/ __/ _ \/ ___/                  |
|         / / /  __/ / / / / / /_/ / / /_/ / /_/  __/ /                      |
|        /_/  \___/_/ /_/ /_/ .___/_/\__,_/\__/\___/_/                       |
|        by Dataclay       /_/   Version 3.0.0 [ Build 14020 ]               |
|                                                                            |
|                             ----------------                               |
|                                                                            |
|        User + Machine        : Liam @ STITCHER                             |
|        Operating System      : Win 10.0.22000.31                           |
|        After Effects Version : 22.3x107                                    |
|        Project Name          : commencement slides.aep                     |
|        QUE API Endpoint      : https://que-api.dataclay.com                |
|                                                                            |
|        Intelligent After Effects automation for versioning video.          |
|        Templater Bot provides an enterprise solution for versioned         |
|        video on demand and command-line interface control.                 |
|                                                                            |
|        |email                      |web                  |twitter          |
|        |support@dataclay.com       |dataclay.com         |@dataclay        |
|                                                                            |
|          Copyright 2013-2022 Dataclay, LLC. All rights reserved.           |
|                                                                            |
+----------------------------------------------------------------------------+



[33m2022-04-25 @ 18:02:48[0m [37;1m[[0m[35;1mLOG[32;0m[37;1m][0m                :	[32mSession started[32m =>
						[36mMonday at 18:2:48 on 2022-4-25[0m

[33m2022-04-25 @ 18:02:48[0m [37;1m[[0m[35;1mMAIN[32;0m[37;1m][0m               :	[32mThis installation of Templater distributed by Dataclay[32m
[33m2022-04-25 @ 18:02:48[0m [37;1m[[0m[35;1mMAIN[32;0m[37;1m][0m               :	[32mTemplater is searching for manufacturer's licensing framework.[32m
[33m2022-04-25 @ 18:02:48[0m [37;1m[[0m[35;1mMAIN[32;0m[37;1m][0m               :	[32mInitializing Templater GUI[32m =>
						[36m[object Panel][0m

[33m2022-04-25 @ 18:02:49[0m [37;1m[[0m[35;1mPREFS[32;0m[37;1m][0m              :	[32mLoading all XMP data to various ui and preferences[32m
[33m2022-04-25 @ 18:32:31[0m [37;1m[[0m[35;1mACTIVATION[32;0m[37;1m][0m         :	[32mActivating Templater using product key[32m =>
						[36mQHA3-9D8I-782N-MZMI-PW5N-RB2W-UITA[0m

[33m2022-04-25 @ 18:35:35[0m [37;1m[[0m[35;1mACTIVATION[32;0m[37;1m][0m         :	[32mActivating Templater using product key[32m =>
						[36mQHA3-9D8I-782N-MZMI-PW5N-RB2W-UITA[0m


+----------------------------------------------------------------------------+
|          ______                     __      __                             |
|         /_  __/__  ____ ___  ____  / /___ _/ /____  _____                  |
|          / / / _ \/ __ `__ \/ __ \/ / __ `/ __/ _ \/ ___/                  |
|         / / /  __/ / / / / / /_/ / / /_/ / /_/  __/ /                      |
|        /_/  \___/_/ /_/ /_/ .___/_/\__,_/\__/\___/_/                       |
|        by Dataclay       /_/   Version 2.9.7 [ Build 9465 ]                |
|                                                                            |
|                             ----------------                               |
|                                                                            |
|        User + Machine        : Liam @ STITCHER                             |
|        Operating System      : Win 10.0.22000.61                           |
|        After Effects Version : 22.3x107                                    |
|        Project Name          : commencement slides.aep                     |
|                                                                            |
|        Intelligent After Effects automation for versioning video.          |
|        Templater Bot provides an enterprise solution for versioned         |
|        video on demand and command-line interface control.                 |
|                                                                            |
|        |email                      |web                  |twitter          |
|        |support@dataclay.com       |dataclay.com         |@dataclay        |
|                                                                            |
|          Copyright 2013-2022 Dataclay, LLC. All rights reserved.           |
|                                                                            |
+----------------------------------------------------------------------------+



[33m2022-04-25 @ 20:09:01[0m [37;1m[[0m[35;1mLOG[32;0m[37;1m][0m                :	[32mSession started[32m =>
						[36mMonday at 20:9:1 on 2022-4-25[0m

[33m2022-04-25 @ 20:09:01[0m [37;1m[[0m[35;1mMAIN[32;0m[37;1m][0m               :	[32mThis installation of Templater distributed by Dataclay[32m
[33m2022-04-25 @ 20:09:01[0m [37;1m[[0m[35;1mMAIN[32;0m[37;1m][0m               :	[32mTemplater is searching for manufacturer's licensing framework.[32m
[33m2022-04-25 @ 20:09:01[0m [37;1m[[0m[35;1mMAIN[32;0m[37;1m][0m               :	[32mInitializing Templater GUI[32m =>
						[36m[object Panel][0m

[33m2022-04-25 @ 20:09:16[0m [37;1m[[0m[35;1mACTIVATION[32;0m[37;1m][0m         :	[32mActivating Templater using product key[32m =>
						[36mQHA3-9D8I-782N-MZMI-PW5N-RB2W-UITA[0m

[33m2022-04-25 @ 20:09:31[0m [37;1m[[0m[35;1mACTIVATION[32;0m[37;1m][0m         :	[32mActivating Templater using product key[32m =>
						[36mQHA3-9D8I-782N-MZMI-PW5N-RB2W-UITA[0m

[33m2022-04-25 @ 20:10:07[0m [37;1m[[0m[35;1mACTIVATION[32;0m[37;1m][0m         :	[32mExtending the Templater Trial license using code[32m =>
						[36mQHA3-9D8I-782N-MZMI-PW5N-RB2W-UITA[0m

[33m2022-04-25 @ 20:10:14[0m [37;1m[[0m[35;1mACTIVATION[32;0m[37;1m][0m         :	[32mExtending the Templater Trial license using code[32m
[33m2022-04-25 @ 20:10:23[0m [37;1m[[0m[35;1mACTIVATION[32;0m[37;1m][0m         :	[32mActivating Templater using product key[32m =>
						[36mQHA3-9D8I-782N-MZMI-PW5N-RB2W-UITA[0m

[33m2022-04-26 @ 10:45:52[0m [37;1m[[0m[35;1mACTIVATION[32;0m[37;1m][0m         :	[32mActivating Templater using product key[32m =>
						[36mQHA3-9D8I-782N-MZMI-PW5N-RB2W-UITA[0m

[33m2022-04-26 @ 10:52:29[0m [37;1m[[0m[35;1mACTIVATION[32;0m[37;1m][0m         :	[32mActivating Templater using product key[32m =>
						[36mQHA3-9D8I-782N-MZMI-PW5N-RB2W-UITA[0m

[33m2022-04-26 @ 10:56:41[0m [37;1m[[0m[35;1mACTIVATION[32;0m[37;1m][0m         :	[32mActivating Templater using product key[32m =>
						[36mQHA3-9D8I-782N-MZMI-PW5N-RB2W-UITA[0m

[33m2022-04-26 @ 11:05:08[0m [37;1m[[0m[35;1mACTIVATION[32;0m[37;1m][0m         :	[32mActivating Templater using product key[32m =>
						[36mQHA3-9D8I-782N-MZMI-PW5N-RB2W-UITA[0m

[33m2022-04-26 @ 11:05:16[0m [37;1m[[0m[35;1mACTIVATION[32;0m[37;1m][0m         :	[32mActivating Templater using product key[32m =>
						[36mQHA3-9D8I-782N-MZMI-PW5N-RB2W-UITA[0m


+----------------------------------------------------------------------------+
|          ______                     __      __                             |
|         /_  __/__  ____ ___  ____  / /___ _/ /____  _____                  |
|          / / / _ \/ __ `__ \/ __ \/ / __ `/ __/ _ \/ ___/                  |
|         / / /  __/ / / / / / /_/ / / /_/ / /_/  __/ /                      |
|        /_/  \___/_/ /_/ /_/ .___/_/\__,_/\__/\___/_/                       |
|        by Dataclay       /_/   Version 2.9.7 [ Build 9465 ]                |
|                                                                            |
|                             ----------------                               |
|                                                                            |
|        User + Machine        : Liam @ STITCHER                             |
|        Operating System      : Win 10.0.22000.61                           |
|        After Effects Version : 22.3x107                                    |
|        Project Name          : keepsake_v1.aep                             |
|                                                                            |
|        Intelligent After Effects automation for versioning video.          |
|        Templater Bot provides an enterprise solution for versioned         |
|        video on demand and command-line interface control.                 |
|                                                                            |
|        |email                      |web                  |twitter          |
|        |support@dataclay.com       |dataclay.com         |@dataclay        |
|                                                                            |
|          Copyright 2013-2022 Dataclay, LLC. All rights reserved.           |
|                                                                            |
+----------------------------------------------------------------------------+



[33m2022-04-26 @ 17:40:43[0m [37;1m[[0m[35;1mLOG[32;0m[37;1m][0m                :	[32mSession started[32m =>
						[36mTuesday at 17:40:43 on 2022-4-26[0m

[33m2022-04-26 @ 17:40:43[0m [37;1m[[0m[35;1mMAIN[32;0m[37;1m][0m               :	[32mThis installation of Templater distributed by Dataclay[32m
[33m2022-04-26 @ 17:40:43[0m [37;1m[[0m[35;1mMAIN[32;0m[37;1m][0m               :	[32mTemplater is searching for manufacturer's licensing framework.[32m
[33m2022-04-26 @ 17:40:43[0m [37;1m[[0m[35;1mMAIN[32;0m[37;1m][0m               :	[32mInitializing Templater GUI[32m =>
						[36m[object Panel][0m

[33m2022-04-26 @ 17:41:06[0m [37;1m[[0m[35;1mACTIVATION[32;0m[37;1m][0m         :	[32mActivating Templater using product key[32m =>
						[36mQHA3-9D8I-782N-MZMI-PW5N-RB2W-UITA[0m

[33m2022-04-26 @ 17:41:44[0m [37;1m[[0m[35;1mACTIVATION[32;0m[37;1m][0m         :	[32mActivating Templater using product key[32m =>
						[36mQHA3-9D8I-782N-MZMI-PW5N-RB2W-UITA[0m


+----------------------------------------------------------------------------+
|          ______                     __      __                             |
|         /_  __/__  ____ ___  ____  / /___ _/ /____  _____                  |
|          / / / _ \/ __ `__ \/ __ \/ / __ `/ __/ _ \/ ___/                  |
|         / / /  __/ / / / / / /_/ / / /_/ / /_/  __/ /                      |
|        /_/  \___/_/ /_/ /_/ .___/_/\__,_/\__/\___/_/                       |
|        by Dataclay       /_/   Version 2.9.7 [ Build 9465 ]                |
|                                                                            |
|                             ----------------                               |
|                                                                            |
|        User + Machine        : phill @ DESKTOP-90Q84SV                     |
|        Operating System      : Win 10.0.22000.61                           |
|        After Effects Version : 22.2.1x3                                    |
|        Project Name          : commencement slides.aep                     |
|                                                                            |
|        Intelligent After Effects automation for versioning video.          |
|        Templater Bot provides an enterprise solution for versioned         |
|        video on demand and command-line interface control.                 |
|                                                                            |
|        |email                      |web                  |twitter          |
|        |support@dataclay.com       |dataclay.com         |@dataclay        |
|                                                                            |
|          Copyright 2013-2022 Dataclay, LLC. All rights reserved.           |
|                                                                            |
+----------------------------------------------------------------------------+



[33m2022-04-27 @ 13:11:15[0m [37;1m[[0m[35;1mLOG[32;0m[37;1m][0m                :	[32mSession started[32m =>
						[36mWednesday at 13:11:15 on 2022-4-27[0m

[33m2022-04-27 @ 13:11:15[0m [37;1m[[0m[35;1mMAIN[32;0m[37;1m][0m               :	[32mThis installation of Templater distributed by Dataclay[32m
[33m2022-04-27 @ 13:11:15[0m [37;1m[[0m[35;1mMAIN[32;0m[37;1m][0m               :	[32mTemplater is searching for manufacturer's licensing framework.[32m
[33m2022-04-27 @ 13:11:15[0m [37;1m[[0m[35;1mMAIN[32;0m[37;1m][0m               :	[32mInitializing Templater GUI[32m =>
						[36m[object Panel][0m

[33m2022-04-27 @ 13:11:36[0m [37;1m[[0m[35;1mACTIVATION[32;0m[37;1m][0m         :	[32mActivating Templater using product key[32m =>
						[36mQHA3-9D8I-782N-MZMI-PW5N-RB2W-UITA[0m

[33m2022-04-27 @ 13:11:59[0m [37;1m[[0m[35;1mACTIVATION[32;0m[37;1m][0m         :	[32mExtending the Templater Trial license using code[32m =>
						[36mQHA3-9D8I-782N-MZMI-PW5N-RB2W-UITA[0m

[33m2022-04-27 @ 13:12:04[0m [37;1m[[0m[35;1mACTIVATION[32;0m[37;1m][0m         :	[32mActivating Templater using product key[32m =>
						[36mQHA3-9D8I-782N-MZMI-PW5N-RB2W-UITA[0m


+----------------------------------------------------------------------------+
|          ______                     __      __                             |
|         /_  __/__  ____ ___  ____  / /___ _/ /____  _____                  |
|          / / / _ \/ __ `__ \/ __ \/ / __ `/ __/ _ \/ ___/                  |
|         / / /  __/ / / / / / /_/ / / /_/ / /_/  __/ /                      |
|        /_/  \___/_/ /_/ /_/ .___/_/\__,_/\__/\___/_/                       |
|        by Dataclay       /_/   Version 2.9.7 [ Build 9465 ]                |
|                                                                            |
|                             ----------------                               |
|                                                                            |
|        User + Machine        : phill @ DESKTOP-90Q84SV                     |
|        Operating System      : Win 10.0.22000.61                           |
|        After Effects Version : 22.2.1x3                                    |
|        Project Name          : keepsake_v1.aep                             |
|                                                                            |
|        Intelligent After Effects automation for versioning video.          |
|        Templater Bot provides an enterprise solution for versioned         |
|        video on demand and command-line interface control.                 |
|                                                                            |
|        |email                      |web                  |twitter          |
|        |support@dataclay.com       |dataclay.com         |@dataclay        |
|                                                                            |
|          Copyright 2013-2022 Dataclay, LLC. All rights reserved.           |
|                                                                            |
+----------------------------------------------------------------------------+




+----------------------------------------------------------------------------+
|          ______                     __      __                             |
|         /_  __/__  ____ ___  ____  / /___ _/ /____  _____                  |
|          / / / _ \/ __ `__ \/ __ \/ / __ `/ __/ _ \/ ___/                  |
|         / / /  __/ / / / / / /_/ / / /_/ / /_/  __/ /                      |
|        /_/  \___/_/ /_/ /_/ .___/_/\__,_/\__/\___/_/                       |
|        by Dataclay       /_/   Version 3.0.0 [ Build 14020 ]               |
|                                                                            |
|                             ----------------                               |
|                                                                            |
|        User + Machine        : phill @ DESKTOP-AIRJO3P                     |
|        Operating System      : Win 10.0.22000.61                           |
|        After Effects Version : 22.3x107                                    |
|        Project Name          : keepsake_v2_5-4-22.aep                      |
|        QUE API Endpoint      : https://que-api.dataclay.com                |
|                                                                            |
|        Intelligent After Effects automation for versioning video.          |
|        Templater Bot provides an enterprise solution for versioned         |
|        video on demand and command-line interface control.                 |
|                                                                            |
|        |email                      |web                  |twitter          |
|        |support@dataclay.com       |dataclay.com         |@dataclay        |
|                                                                            |
|          Copyright 2013-2022 Dataclay, LLC. All rights reserved.           |
|                                                                            |
+----------------------------------------------------------------------------+




+----------------------------------------------------------------------------+
|          ______                     __      __                             |
|         /_  __/__  ____ ___  ____  / /___ _/ /____  _____                  |
|          / / / _ \/ __ `__ \/ __ \/ / __ `/ __/ _ \/ ___/                  |
|         / / /  __/ / / / / / /_/ / / /_/ / /_/  __/ /                      |
|        /_/  \___/_/ /_/ /_/ .___/_/\__,_/\__/\___/_/                       |
|        by Dataclay       /_/   Version 2.9.7 [ Build 9465 ]                |
|                                                                            |
|                             ----------------                               |
|                                                                            |
|        User + Machine        : phill @ DESKTOP-AIRJO3P                     |
|        Operating System      : Win 10.0.22000.61                           |
|        After Effects Version : 22.3x107                                    |
|        Project Name          : commencement slides.aep                     |
|                                                                            |
|        Intelligent After Effects automation for versioning video.          |
|        Templater Bot provides an enterprise solution for versioned         |
|        video on demand and command-line interface control.                 |
|                                                                            |
|        |email                      |web                  |twitter          |
|        |support@dataclay.com       |dataclay.com         |@dataclay        |
|                                                                            |
|          Copyright 2013-2022 Dataclay, LLC. All rights reserved.           |
|                                                                            |
+----------------------------------------------------------------------------+




+----------------------------------------------------------------------------+
|          ______                     __      __                             |
|         /_  __/__  ____ ___  ____  / /___ _/ /____  _____                  |
|          / / / _ \/ __ `__ \/ __ \/ / __ `/ __/ _ \/ ___/                  |
|         / / /  __/ / / / / / /_/ / / /_/ / /_/  __/ /                      |
|        /_/  \___/_/ /_/ /_/ .___/_/\__,_/\__/\___/_/                       |
|        by Dataclay       /_/   Version 3.0.0 [ Build 14020 ]               |
|                                                                            |
|                             ----------------                               |
|                                                                            |
|        User + Machine        : phill @ DESKTOP-AIRJO3P                     |
|        Operating System      : Win 10.0.22000.67                           |
|        After Effects Version : 22.3x107                                    |
|        Project Name          : commencement slides.aep                     |
|        QUE API Endpoint      : https://que-api.dataclay.com                |
|                                                                            |
|        Intelligent After Effects automation for versioning video.          |
|        Templater Bot provides an enterprise solution for versioned         |
|        video on demand and command-line interface control.                 |
|                                                                            |
|        |email                      |web                  |twitter          |
|        |support@dataclay.com       |dataclay.com         |@dataclay        |
|                                                                            |
|          Copyright 2013-2022 Dataclay, LLC. All rights reserved.           |
|                                                                            |
+----------------------------------------------------------------------------+




+----------------------------------------------------------------------------+
|          ______                     __      __                             |
|         /_  __/__  ____ ___  ____  / /___ _/ /____  _____                  |
|          / / / _ \/ __ `__ \/ __ \/ / __ `/ __/ _ \/ ___/                  |
|         / / /  __/ / / / / / /_/ / / /_/ / /_/  __/ /                      |
|        /_/  \___/_/ /_/ /_/ .___/_/\__,_/\__/\___/_/                       |
|        by Dataclay       /_/   Version 3.1.1 [ Build 14151 ]               |
|                                                                            |
|                             ----------------                               |
|                                                                            |
|        User + Machine        : Liam @ BSOD                                 |
|        Operating System      : Win 10.0.22621.81                           |
|        After Effects Version : 23.0x59                                     |
|        Project Name          : commencement slides (converted).aep         |
|        QUE API Endpoint      : https://que-api.dataclay.com                |
|                                                                            |
|        Intelligent After Effects automation for versioning video.          |
|        Templater Bot provides an enterprise solution for versioned         |
|        video on demand and command-line interface control.                 |
|                                                                            |
|        |email                      |web                  |twitter          |
|        |support@dataclay.com       |dataclay.com         |@dataclay        |
|                                                                            |
|          Copyright 2013-2022 Dataclay, LLC. All rights reserved.           |
|                                                                            |
+----------------------------------------------------------------------------+




+----------------------------------------------------------------------------+
|          ______                     __      __                             |
|         /_  __/__  ____ ___  ____  / /___ _/ /____  _____                  |
|          / / / _ \/ __ `__ \/ __ \/ / __ `/ __/ _ \/ ___/                  |
|         / / /  __/ / / / / / /_/ / / /_/ / /_/  __/ /                      |
|        /_/  \___/_/ /_/ /_/ .___/_/\__,_/\__/\___/_/                       |
|        by Dataclay       /_/   Version 3.2.0 [ Build 14224 ]               |
|                                                                            |
|                             ----------------                               |
|                                                                            |
|        User + Machine        : Liam @ PXR3090TI                            |
|        Operating System      : Win 10.0.22621.163                          |
|        After Effects Version : 23.3x53                                     |
|        Project Name          : commencement slides.aep                     |
|        QUE API Endpoint      : https://que-api.dataclay.com                |
|                                                                            |
|        Intelligent After Effects automation for versioning video.          |
|        Templater Bot provides an enterprise solution for versioned         |
|        video on demand and command-line interface control.                 |
|                                                                            |
|        |email                      |web                  |twitter          |
|        |support@dataclay.com       |dataclay.com         |@dataclay        |
|                                                                            |
|          Copyright 2013-2023 Dataclay, LLC. All rights reserved.           |
|                                                                            |
+----------------------------------------------------------------------------+



[33m2023-05-07 @ 13:35:11[0m [37;1m[[0m[35;1mLOG[32;0m[37;1m][0m                :	[32mSession started[32m =>
						[36mSunday at 13:35:11 on 2023-5-7[0m

[33m2023-05-07 @ 13:35:11[0m [37;1m[[0m[35;1mMAIN[32;0m[37;1m][0m               :	[32mThis installation of Templater distributed by Dataclay[32m
[33m2023-05-07 @ 13:35:11[0m [37;1m[[0m[35;1mMAIN[32;0m[37;1m][0m               :	[32mTemplater is searching for manufacturer's licensing framework.[32m
[33m2023-05-07 @ 13:35:14[0m [37;1m[[0m[35;1mMAIN[32;0m[37;1m][0m               :	[32mInitializing Templater GUI[32m =>
						[36m[object Panel][0m

[33m2023-05-07 @ 13:35:14[0m [37;1m[[0m[35;1mPREFS[32;0m[37;1m][0m              :	[32mLoading all XMP data to various ui and preferences[32m
[33m2023-05-07 @ 13:36:59[0m [37;1m[[0m[35;1mACTIVATION[32;0m[37;1m][0m         :	[32mActivating Templater using product key[32m =>
						[36mK7W7-TFCS-BJV3-J6JZ-U99U-TSUN-H6TA[0m


+----------------------------------------------------------------------------+
|          ______                     __      __                             |
|         /_  __/__  ____ ___  ____  / /___ _/ /____  _____                  |
|          / / / _ \/ __ `__ \/ __ \/ / __ `/ __/ _ \/ ___/                  |
|         / / /  __/ / / / / / /_/ / / /_/ / /_/  __/ /                      |
|        /_/  \___/_/ /_/ /_/ .___/_/\__,_/\__/\___/_/                       |
|        by Dataclay       /_/   Version 3.2.0 [ Build 14224 ]               |
|                                                                            |
|                             ----------------                               |
|                                                                            |
|        User + Machine        : Liam @ PXR3090TI                            |
|        Operating System      : Win 10.0.22621.163                          |
|        After Effects Version : 23.3x53                                     |
|        Project Name          : keepsake_v2_11-22-22.aep                    |
|        QUE API Endpoint      : https://que-api.dataclay.com                |
|                                                                            |
|        Intelligent After Effects automation for versioning video.          |
|        Templater Bot provides an enterprise solution for versioned         |
|        video on demand and command-line interface control.                 |
|                                                                            |
|        |email                      |web                  |twitter          |
|        |support@dataclay.com       |dataclay.com         |@dataclay        |
|                                                                            |
|          Copyright 2013-2023 Dataclay, LLC. All rights reserved.           |
|                                                                            |
+----------------------------------------------------------------------------+



